<?xml version="1.0" encoding="UTF-8"?>
<testng-results ignored="0" total="1" passed="1" failed="0" skipped="0">
  <reporter-output>
  </reporter-output>
  <suite started-at="2025-05-11T18:26:22 EDT" name="Default suite" finished-at="2025-05-11T18:26:24 EDT" duration-ms="2434">
    <groups>
    </groups>
    <test started-at="2025-05-11T18:26:22 EDT" name="Default test" finished-at="2025-05-11T18:26:24 EDT" duration-ms="2434">
      <class name="tests.TestExample">
        <test-method signature="test_1()[pri:0, instance:tests.TestExample@6adbc9d]" started-at="2025-05-11T18:26:22 EDT" name="test_1" finished-at="2025-05-11T18:26:24 EDT" duration-ms="2376" status="PASS">
          <reporter-output>
          </reporter-output>
        </test-method> <!-- test_1 -->
      </class> <!-- tests.TestExample -->
    </test> <!-- Default test -->
  </suite> <!-- Default suite -->
</testng-results>
